[0.619s] Invoking command in '/home/bot/ros2_ws/tuto_move': PYTHONPATH=/home/bot/ros2_ws/tuto_move/build/tuto_move/prefix_override:/home/bot/ros2_ws/tuto_move/install/tuto_move/lib/python3.8/site-packages: /usr/bin/python3 setup.py egg_info --egg-base build/tuto_move build --build-base /home/bot/ros2_ws/tuto_move/build/tuto_move/build install --record /home/bot/ros2_ws/tuto_move/build/tuto_move/install.log --install-scripts $base/lib/tuto_move --single-version-externally-managed
[1.029s] running egg_info
[1.030s] creating build/tuto_move/tuto_move.egg-info
[1.030s] writing build/tuto_move/tuto_move.egg-info/PKG-INFO
[1.031s] writing dependency_links to build/tuto_move/tuto_move.egg-info/dependency_links.txt
[1.032s] writing entry points to build/tuto_move/tuto_move.egg-info/entry_points.txt
[1.032s] writing requirements to build/tuto_move/tuto_move.egg-info/requires.txt
[1.034s] writing top-level names to build/tuto_move/tuto_move.egg-info/top_level.txt
[1.035s] writing manifest file 'build/tuto_move/tuto_move.egg-info/SOURCES.txt'
[1.113s] reading manifest file 'build/tuto_move/tuto_move.egg-info/SOURCES.txt'
[1.114s] writing manifest file 'build/tuto_move/tuto_move.egg-info/SOURCES.txt'
[1.114s] running build
[1.115s] running build_py
[1.115s] creating /home/bot/ros2_ws/tuto_move/build/tuto_move/build
[1.115s] creating /home/bot/ros2_ws/tuto_move/build/tuto_move/build/lib
[1.115s] creating /home/bot/ros2_ws/tuto_move/build/tuto_move/build/lib/tuto_move
[1.115s] copying tuto_move/move_1m.py -> /home/bot/ros2_ws/tuto_move/build/tuto_move/build/lib/tuto_move
[1.116s] copying tuto_move/safemove.py -> /home/bot/ros2_ws/tuto_move/build/tuto_move/build/lib/tuto_move
[1.116s] copying tuto_move/scan_echo.py -> /home/bot/ros2_ws/tuto_move/build/tuto_move/build/lib/tuto_move
[1.116s] copying tuto_move/__init__.py -> /home/bot/ros2_ws/tuto_move/build/tuto_move/build/lib/tuto_move
[1.116s] running install
[1.117s] running install_lib
[1.118s] creating /home/bot/ros2_ws/tuto_move/install/tuto_move/lib/python3.8/site-packages/tuto_move
[1.119s] copying /home/bot/ros2_ws/tuto_move/build/tuto_move/build/lib/tuto_move/move_1m.py -> /home/bot/ros2_ws/tuto_move/install/tuto_move/lib/python3.8/site-packages/tuto_move
[1.120s] copying /home/bot/ros2_ws/tuto_move/build/tuto_move/build/lib/tuto_move/safemove.py -> /home/bot/ros2_ws/tuto_move/install/tuto_move/lib/python3.8/site-packages/tuto_move
[1.120s] copying /home/bot/ros2_ws/tuto_move/build/tuto_move/build/lib/tuto_move/scan_echo.py -> /home/bot/ros2_ws/tuto_move/install/tuto_move/lib/python3.8/site-packages/tuto_move
[1.120s] copying /home/bot/ros2_ws/tuto_move/build/tuto_move/build/lib/tuto_move/__init__.py -> /home/bot/ros2_ws/tuto_move/install/tuto_move/lib/python3.8/site-packages/tuto_move
[1.120s] byte-compiling /home/bot/ros2_ws/tuto_move/install/tuto_move/lib/python3.8/site-packages/tuto_move/move_1m.py to move_1m.cpython-38.pyc
[1.122s] byte-compiling /home/bot/ros2_ws/tuto_move/install/tuto_move/lib/python3.8/site-packages/tuto_move/safemove.py to safemove.cpython-38.pyc
[1.122s] byte-compiling /home/bot/ros2_ws/tuto_move/install/tuto_move/lib/python3.8/site-packages/tuto_move/scan_echo.py to scan_echo.cpython-38.pyc
[1.123s] byte-compiling /home/bot/ros2_ws/tuto_move/install/tuto_move/lib/python3.8/site-packages/tuto_move/__init__.py to __init__.cpython-38.pyc
[1.123s] running install_data
[1.124s] creating /home/bot/ros2_ws/tuto_move/install/tuto_move/share/ament_index
[1.124s] creating /home/bot/ros2_ws/tuto_move/install/tuto_move/share/ament_index/resource_index
[1.124s] creating /home/bot/ros2_ws/tuto_move/install/tuto_move/share/ament_index/resource_index/packages
[1.124s] copying resource/tuto_move -> /home/bot/ros2_ws/tuto_move/install/tuto_move/share/ament_index/resource_index/packages
[1.125s] copying package.xml -> /home/bot/ros2_ws/tuto_move/install/tuto_move/share/tuto_move
[1.125s] running install_egg_info
[1.127s] Copying build/tuto_move/tuto_move.egg-info to /home/bot/ros2_ws/tuto_move/install/tuto_move/lib/python3.8/site-packages/tuto_move-0.0.0-py3.8.egg-info
[1.128s] running install_scripts
[1.155s] Installing move_1m script to /home/bot/ros2_ws/tuto_move/install/tuto_move/lib/tuto_move
[1.155s] Installing safemove script to /home/bot/ros2_ws/tuto_move/install/tuto_move/lib/tuto_move
[1.155s] Installing scan_echo script to /home/bot/ros2_ws/tuto_move/install/tuto_move/lib/tuto_move
[1.156s] writing list of installed files to '/home/bot/ros2_ws/tuto_move/build/tuto_move/install.log'
[1.186s] Invoked command in '/home/bot/ros2_ws/tuto_move' returned '0': PYTHONPATH=/home/bot/ros2_ws/tuto_move/build/tuto_move/prefix_override:/home/bot/ros2_ws/tuto_move/install/tuto_move/lib/python3.8/site-packages: /usr/bin/python3 setup.py egg_info --egg-base build/tuto_move build --build-base /home/bot/ros2_ws/tuto_move/build/tuto_move/build install --record /home/bot/ros2_ws/tuto_move/build/tuto_move/install.log --install-scripts $base/lib/tuto_move --single-version-externally-managed
