/home/bot/ros2_ws/tuto_move/install/tuto_move/lib/python3.8/site-packages/tuto_move/move_1m.py
/home/bot/ros2_ws/tuto_move/install/tuto_move/lib/python3.8/site-packages/tuto_move/safemove.py
/home/bot/ros2_ws/tuto_move/install/tuto_move/lib/python3.8/site-packages/tuto_move/scan_echo.py
/home/bot/ros2_ws/tuto_move/install/tuto_move/lib/python3.8/site-packages/tuto_move/__init__.py
/home/bot/ros2_ws/tuto_move/install/tuto_move/lib/python3.8/site-packages/tuto_move/__pycache__/move_1m.cpython-38.pyc
/home/bot/ros2_ws/tuto_move/install/tuto_move/lib/python3.8/site-packages/tuto_move/__pycache__/safemove.cpython-38.pyc
/home/bot/ros2_ws/tuto_move/install/tuto_move/lib/python3.8/site-packages/tuto_move/__pycache__/scan_echo.cpython-38.pyc
/home/bot/ros2_ws/tuto_move/install/tuto_move/lib/python3.8/site-packages/tuto_move/__pycache__/__init__.cpython-38.pyc
/home/bot/ros2_ws/tuto_move/install/tuto_move/share/ament_index/resource_index/packages/tuto_move
/home/bot/ros2_ws/tuto_move/install/tuto_move/share/tuto_move/package.xml
/home/bot/ros2_ws/tuto_move/install/tuto_move/lib/python3.8/site-packages/tuto_move-0.0.0-py3.8.egg-info/PKG-INFO
/home/bot/ros2_ws/tuto_move/install/tuto_move/lib/python3.8/site-packages/tuto_move-0.0.0-py3.8.egg-info/entry_points.txt
/home/bot/ros2_ws/tuto_move/install/tuto_move/lib/python3.8/site-packages/tuto_move-0.0.0-py3.8.egg-info/zip-safe
/home/bot/ros2_ws/tuto_move/install/tuto_move/lib/python3.8/site-packages/tuto_move-0.0.0-py3.8.egg-info/requires.txt
/home/bot/ros2_ws/tuto_move/install/tuto_move/lib/python3.8/site-packages/tuto_move-0.0.0-py3.8.egg-info/dependency_links.txt
/home/bot/ros2_ws/tuto_move/install/tuto_move/lib/python3.8/site-packages/tuto_move-0.0.0-py3.8.egg-info/top_level.txt
/home/bot/ros2_ws/tuto_move/install/tuto_move/lib/python3.8/site-packages/tuto_move-0.0.0-py3.8.egg-info/SOURCES.txt
/home/bot/ros2_ws/tuto_move/install/tuto_move/lib/tuto_move/move_1m
/home/bot/ros2_ws/tuto_move/install/tuto_move/lib/tuto_move/safemove
/home/bot/ros2_ws/tuto_move/install/tuto_move/lib/tuto_move/scan_echo
