running egg_info
writing build/tuto_move/tuto_move.egg-info/PKG-INFO
writing dependency_links to build/tuto_move/tuto_move.egg-info/dependency_links.txt
writing entry points to build/tuto_move/tuto_move.egg-info/entry_points.txt
writing requirements to build/tuto_move/tuto_move.egg-info/requires.txt
writing top-level names to build/tuto_move/tuto_move.egg-info/top_level.txt
reading manifest file 'build/tuto_move/tuto_move.egg-info/SOURCES.txt'
writing manifest file 'build/tuto_move/tuto_move.egg-info/SOURCES.txt'
running build
running build_py
copying tuto_move/safemove.py -> /home/bot/ros2_ws/tuto_move/build/tuto_move/build/lib/tuto_move
copying tuto_move/scan_echo.py -> /home/bot/ros2_ws/tuto_move/build/tuto_move/build/lib/tuto_move
running install
running install_lib
copying /home/bot/ros2_ws/tuto_move/build/tuto_move/build/lib/tuto_move/safemove.py -> /home/bot/ros2_ws/tuto_move/install/tuto_move/lib/python3.8/site-packages/tuto_move
copying /home/bot/ros2_ws/tuto_move/build/tuto_move/build/lib/tuto_move/scan_echo.py -> /home/bot/ros2_ws/tuto_move/install/tuto_move/lib/python3.8/site-packages/tuto_move
byte-compiling /home/bot/ros2_ws/tuto_move/install/tuto_move/lib/python3.8/site-packages/tuto_move/safemove.py to safemove.cpython-38.pyc
byte-compiling /home/bot/ros2_ws/tuto_move/install/tuto_move/lib/python3.8/site-packages/tuto_move/scan_echo.py to scan_echo.cpython-38.pyc
running install_data
running install_egg_info
removing '/home/bot/ros2_ws/tuto_move/install/tuto_move/lib/python3.8/site-packages/tuto_move-0.0.0-py3.8.egg-info' (and everything under it)
Copying build/tuto_move/tuto_move.egg-info to /home/bot/ros2_ws/tuto_move/install/tuto_move/lib/python3.8/site-packages/tuto_move-0.0.0-py3.8.egg-info
running install_scripts
Installing move_1m script to /home/bot/ros2_ws/tuto_move/install/tuto_move/lib/tuto_move
Installing safemove script to /home/bot/ros2_ws/tuto_move/install/tuto_move/lib/tuto_move
Installing scan_echo script to /home/bot/ros2_ws/tuto_move/install/tuto_move/lib/tuto_move
writing list of installed files to '/home/bot/ros2_ws/tuto_move/build/tuto_move/install.log'
