[0.618s] Invoking command in '/home/bot/ros2_ws/tuto_move': PYTHONPATH=/home/bot/ros2_ws/tuto_move/build/tuto_move/prefix_override:/home/bot/ros2_ws/tuto_move/install/tuto_move/lib/python3.8/site-packages: /usr/bin/python3 setup.py egg_info --egg-base build/tuto_move build --build-base /home/bot/ros2_ws/tuto_move/build/tuto_move/build install --record /home/bot/ros2_ws/tuto_move/build/tuto_move/install.log --install-scripts $base/lib/tuto_move --single-version-externally-managed
[0.808s] running egg_info
[0.808s] writing build/tuto_move/tuto_move.egg-info/PKG-INFO
[0.809s] writing dependency_links to build/tuto_move/tuto_move.egg-info/dependency_links.txt
[0.809s] writing entry points to build/tuto_move/tuto_move.egg-info/entry_points.txt
[0.809s] writing requirements to build/tuto_move/tuto_move.egg-info/requires.txt
[0.810s] writing top-level names to build/tuto_move/tuto_move.egg-info/top_level.txt
[0.842s] reading manifest file 'build/tuto_move/tuto_move.egg-info/SOURCES.txt'
[0.843s] writing manifest file 'build/tuto_move/tuto_move.egg-info/SOURCES.txt'
[0.843s] running build
[0.844s] running build_py
[0.844s] copying tuto_move/safemove.py -> /home/bot/ros2_ws/tuto_move/build/tuto_move/build/lib/tuto_move
[0.844s] copying tuto_move/scan_echo.py -> /home/bot/ros2_ws/tuto_move/build/tuto_move/build/lib/tuto_move
[0.844s] running install
[0.845s] running install_lib
[0.846s] copying /home/bot/ros2_ws/tuto_move/build/tuto_move/build/lib/tuto_move/safemove.py -> /home/bot/ros2_ws/tuto_move/install/tuto_move/lib/python3.8/site-packages/tuto_move
[0.847s] copying /home/bot/ros2_ws/tuto_move/build/tuto_move/build/lib/tuto_move/scan_echo.py -> /home/bot/ros2_ws/tuto_move/install/tuto_move/lib/python3.8/site-packages/tuto_move
[0.847s] byte-compiling /home/bot/ros2_ws/tuto_move/install/tuto_move/lib/python3.8/site-packages/tuto_move/safemove.py to safemove.cpython-38.pyc
[0.849s] byte-compiling /home/bot/ros2_ws/tuto_move/install/tuto_move/lib/python3.8/site-packages/tuto_move/scan_echo.py to scan_echo.cpython-38.pyc
[0.850s] running install_data
[0.850s] running install_egg_info
[0.852s] removing '/home/bot/ros2_ws/tuto_move/install/tuto_move/lib/python3.8/site-packages/tuto_move-0.0.0-py3.8.egg-info' (and everything under it)
[0.854s] Copying build/tuto_move/tuto_move.egg-info to /home/bot/ros2_ws/tuto_move/install/tuto_move/lib/python3.8/site-packages/tuto_move-0.0.0-py3.8.egg-info
[0.854s] running install_scripts
[0.869s] Installing move_1m script to /home/bot/ros2_ws/tuto_move/install/tuto_move/lib/tuto_move
[0.870s] Installing safemove script to /home/bot/ros2_ws/tuto_move/install/tuto_move/lib/tuto_move
[0.870s] Installing scan_echo script to /home/bot/ros2_ws/tuto_move/install/tuto_move/lib/tuto_move
[0.871s] writing list of installed files to '/home/bot/ros2_ws/tuto_move/build/tuto_move/install.log'
[0.891s] Invoked command in '/home/bot/ros2_ws/tuto_move' returned '0': PYTHONPATH=/home/bot/ros2_ws/tuto_move/build/tuto_move/prefix_override:/home/bot/ros2_ws/tuto_move/install/tuto_move/lib/python3.8/site-packages: /usr/bin/python3 setup.py egg_info --egg-base build/tuto_move build --build-base /home/bot/ros2_ws/tuto_move/build/tuto_move/build install --record /home/bot/ros2_ws/tuto_move/build/tuto_move/install.log --install-scripts $base/lib/tuto_move --single-version-externally-managed
